<?xml version="1.0" encoding="UTF-8"?>
<!-- Generated by org.testng.reporters.JUnitReportReporter -->
<testsuite hostname="DESKTOP-7VHKVOI" name="example.NewTest" tests="2" failures="0" timestamp="8 Feb 2018 17:48:52 GMT" time="4.543" errors="0">
  <testcase name="f" time="4.543" classname="example.NewTest"/>
  <testcase name="e" time="0.000" classname="example.NewTest"/>
</testsuite> <!-- example.NewTest -->
