<?xml version="1.0" encoding="UTF-8"?>
<!-- Generated by org.testng.reporters.JUnitReportReporter -->
<testsuite hostname="DESKTOP-7VHKVOI" name="example.NewTest" tests="1" failures="0" timestamp="8 Feb 2018 13:37:44 GMT" time="0.007" errors="0">
  <testcase name="f" time="0.007" classname="example.NewTest"/>
</testsuite> <!-- example.NewTest -->
