<?xml version="1.0" encoding="UTF-8"?>
<!-- Generated by org.testng.reporters.JUnitReportReporter -->
<testsuite hostname="DESKTOP-7VHKVOI" name="example.NewTest" tests="2" failures="0" timestamp="8 Feb 2018 17:28:54 GMT" time="5.849" errors="0">
  <testcase name="f" time="5.848" classname="example.NewTest"/>
  <testcase name="e" time="0.001" classname="example.NewTest"/>
</testsuite> <!-- example.NewTest -->
